-------------------------------------------------------------------------------
Test set: com.mycompany.es7.ristoranteTest
-------------------------------------------------------------------------------
Tests run: 7, Failures: 7, Errors: 0, Skipped: 0, Time elapsed: 0.028 sec <<< FAILURE!
com.mycompany.es7.ristoranteTest.testRmOrdine()  Time elapsed: 0.008 sec  <<< FAILURE!
org.opentest4j.AssertionFailedError: The test case is a prototype.
	at org.junit.jupiter.api.AssertionUtils.fail(AssertionUtils.java:39)
	at org.junit.jupiter.api.Assertions.fail(Assertions.java:109)
	at com.mycompany.es7.ristoranteTest.testRmOrdine(ristoranteTest.java:90)

com.mycompany.es7.ristoranteTest.testAddOrdine()  Time elapsed: 0 sec  <<< FAILURE!
org.opentest4j.AssertionFailedError: The test case is a prototype.
	at org.junit.jupiter.api.AssertionUtils.fail(AssertionUtils.java:39)
	at org.junit.jupiter.api.Assertions.fail(Assertions.java:109)
	at com.mycompany.es7.ristoranteTest.testAddOrdine(ristoranteTest.java:77)

com.mycompany.es7.ristoranteTest.testIncasso()  Time elapsed: 0 sec  <<< FAILURE!
org.opentest4j.AssertionFailedError: The test case is a prototype.
	at org.junit.jupiter.api.AssertionUtils.fail(AssertionUtils.java:39)
	at org.junit.jupiter.api.Assertions.fail(Assertions.java:109)
	at com.mycompany.es7.ristoranteTest.testIncasso(ristoranteTest.java:104)

com.mycompany.es7.ristoranteTest.testRmMenù()  Time elapsed: 0.001 sec  <<< FAILURE!
org.opentest4j.AssertionFailedError: The test case is a prototype.
	at org.junit.jupiter.api.AssertionUtils.fail(AssertionUtils.java:39)
	at org.junit.jupiter.api.Assertions.fail(Assertions.java:109)
	at com.mycompany.es7.ristoranteTest.testRmMenù(ristoranteTest.java:64)

com.mycompany.es7.ristoranteTest.testPrintls()  Time elapsed: 0 sec  <<< FAILURE!
java.lang.NullPointerException
	at com.mycompany.es7.ristorante.printls(ristorante.java:70)
	at com.mycompany.es7.ristoranteTest.testPrintls(ristoranteTest.java:129)

com.mycompany.es7.ristoranteTest.testAddMenù()  Time elapsed: 0.001 sec  <<< FAILURE!
org.opentest4j.AssertionFailedError: The test case is a prototype.
	at org.junit.jupiter.api.AssertionUtils.fail(AssertionUtils.java:39)
	at org.junit.jupiter.api.Assertions.fail(Assertions.java:109)
	at com.mycompany.es7.ristoranteTest.testAddMenù(ristoranteTest.java:51)

com.mycompany.es7.ristoranteTest.testImpMax()  Time elapsed: 0.018 sec  <<< FAILURE!
org.opentest4j.AssertionFailedError: expected: <null> but was: <com.mycompany.es7.ordine@4d405ef7>
	at org.junit.jupiter.api.AssertionUtils.fail(AssertionUtils.java:55)
	at org.junit.jupiter.api.AssertionUtils.failNotEqual(AssertionUtils.java:62)
	at org.junit.jupiter.api.AssertEquals.assertEquals(AssertEquals.java:182)
	at org.junit.jupiter.api.AssertEquals.assertEquals(AssertEquals.java:177)
	at org.junit.jupiter.api.Assertions.assertEquals(Assertions.java:1124)
	at com.mycompany.es7.ristoranteTest.testImpMax(ristoranteTest.java:116)

