<?xml version="1.0" encoding="UTF-8" ?>
<testsuite tests="7" failures="7" name="com.mycompany.es7.ristoranteTest" time="0.028" errors="0" skipped="0">
  <properties>
[...]
</properties>
  <testcase classname="com.mycompany.es7.ristoranteTest" name="com.mycompany.es7.ristoranteTest.testRmOrdine" time="0.008">
    <failure message="The test case is a prototype." type="org.opentest4j.AssertionFailedError">org.opentest4j.AssertionFailedError: The test case is a prototype.
	at org.junit.jupiter.api.AssertionUtils.fail(AssertionUtils.java:39)
	at org.junit.jupiter.api.Assertions.fail(Assertions.java:109)
	at com.mycompany.es7.ristoranteTest.testRmOrdine(ristoranteTest.java:90)
</failure>
    <system-out>rmOrdine
</system-out>
  </testcase>
  <testcase classname="com.mycompany.es7.ristoranteTest" name="com.mycompany.es7.ristoranteTest.testAddOrdine" time="0">
    <failure message="The test case is a prototype." type="org.opentest4j.AssertionFailedError">org.opentest4j.AssertionFailedError: The test case is a prototype.
	at org.junit.jupiter.api.AssertionUtils.fail(AssertionUtils.java:39)
	at org.junit.jupiter.api.Assertions.fail(Assertions.java:109)
	at com.mycompany.es7.ristoranteTest.testAddOrdine(ristoranteTest.java:77)
</failure>
    <system-out>addOrdine
</system-out>
  </testcase>
  <testcase classname="com.mycompany.es7.ristoranteTest" name="com.mycompany.es7.ristoranteTest.testIncasso" time="0">
    <failure message="The test case is a prototype." type="org.opentest4j.AssertionFailedError">org.opentest4j.AssertionFailedError: The test case is a prototype.
	at org.junit.jupiter.api.AssertionUtils.fail(AssertionUtils.java:39)
	at org.junit.jupiter.api.Assertions.fail(Assertions.java:109)
	at com.mycompany.es7.ristoranteTest.testIncasso(ristoranteTest.java:104)
</failure>
    <system-out>Incasso
</system-out>
  </testcase>
  <testcase classname="com.mycompany.es7.ristoranteTest" name="com.mycompany.es7.ristoranteTest.testRmMenù" time="0.001">
    <failure message="The test case is a prototype." type="org.opentest4j.AssertionFailedError">org.opentest4j.AssertionFailedError: The test case is a prototype.
	at org.junit.jupiter.api.AssertionUtils.fail(AssertionUtils.java:39)
	at org.junit.jupiter.api.Assertions.fail(Assertions.java:109)
	at com.mycompany.es7.ristoranteTest.testRmMenù(ristoranteTest.java:64)
</failure>
    <system-out>rmMenù
</system-out>
  </testcase>
  <testcase classname="com.mycompany.es7.ristoranteTest" name="com.mycompany.es7.ristoranteTest.testPrintls" time="0">
    <failure type="java.lang.NullPointerException">java.lang.NullPointerException
	at com.mycompany.es7.ristorante.printls(ristorante.java:70)
	at com.mycompany.es7.ristoranteTest.testPrintls(ristoranteTest.java:129)
</failure>
    <system-out>printls
</system-out>
  </testcase>
  <testcase classname="com.mycompany.es7.ristoranteTest" name="com.mycompany.es7.ristoranteTest.testAddMenù" time="0.001">
    <failure message="The test case is a prototype." type="org.opentest4j.AssertionFailedError">org.opentest4j.AssertionFailedError: The test case is a prototype.
	at org.junit.jupiter.api.AssertionUtils.fail(AssertionUtils.java:39)
	at org.junit.jupiter.api.Assertions.fail(Assertions.java:109)
	at com.mycompany.es7.ristoranteTest.testAddMenù(ristoranteTest.java:51)
</failure>
    <system-out>addMenù
</system-out>
  </testcase>
  <testcase classname="com.mycompany.es7.ristoranteTest" name="com.mycompany.es7.ristoranteTest.testImpMax" time="0.018">
    <failure message="expected: &lt;null&gt; but was: &lt;com.mycompany.es7.ordine@4d405ef7&gt;" type="org.opentest4j.AssertionFailedError">org.opentest4j.AssertionFailedError: expected: &lt;null&gt; but was: &lt;com.mycompany.es7.ordine@4d405ef7&gt;
	at org.junit.jupiter.api.AssertionUtils.fail(AssertionUtils.java:55)
	at org.junit.jupiter.api.AssertionUtils.failNotEqual(AssertionUtils.java:62)
	at org.junit.jupiter.api.AssertEquals.assertEquals(AssertEquals.java:182)
	at org.junit.jupiter.api.AssertEquals.assertEquals(AssertEquals.java:177)
	at org.junit.jupiter.api.Assertions.assertEquals(Assertions.java:1124)
	at com.mycompany.es7.ristoranteTest.testImpMax(ristoranteTest.java:116)
</failure>
    <system-out>ImpMax
</system-out>
  </testcase>
</testsuite>